18:25:46.230 [sandbox-akka.actor.default-dispatcher-5] INFO  akka.event.slf4j.Slf4jLogger - Slf4jLogger started 
18:25:50.541 [program-resource-pool-4] INFO  c.d.p.apiserver.LedgerApiServer - Listening on localhost:6865 over plain text. 
18:25:50.565 [program-resource-pool-2] INFO  com.daml.platform.sandboxnext.Runner - Initialized sandbox version 1.14.2 with ledger-id = create-daml-app-sandbox, port = 6865, dar file = List(.daml/dist/create-daml-app-0.1.0.dar), time mode = wall-clock time, ledger = in-memory, auth-service = AuthServiceWildcard$, contract ids seeding = strong 
18:27:28.604 [sandbox-akka.actor.default-dispatcher-5] INFO  akka.event.slf4j.Slf4jLogger - Slf4jLogger started 
18:27:32.977 [program-resource-pool-2] INFO  c.d.p.apiserver.LedgerApiServer - Listening on localhost:6865 over plain text. 
18:27:33.003 [program-resource-pool-4] INFO  com.daml.platform.sandboxnext.Runner - Initialized sandbox version 1.14.2 with ledger-id = create-daml-app-sandbox, port = 6865, dar file = List(.daml/dist/create-daml-app-0.1.0.dar), time mode = wall-clock time, ledger = in-memory, auth-service = AuthServiceWildcard$, contract ids seeding = strong 
12:45:40.340 [sandbox-akka.actor.default-dispatcher-4] INFO  akka.event.slf4j.Slf4jLogger - Slf4jLogger started 
12:45:46.752 [scala-execution-context-global-78] ERROR com.daml.resources.ProgramResource - Shutting down because of an initialization error. 
com.daml.platform.apiserver.GrpcServer$UnableToBind: The API server was unable to bind to port 6865. Terminate the process occupying the port, or choose a different one.
Caused by: java.net.BindException: Address already in use
	at sun.nio.ch.Net.bind0(Native Method)
	at sun.nio.ch.Net.bind(Net.java:433)
	at sun.nio.ch.Net.bind(Net.java:425)
	at sun.nio.ch.ServerSocketChannelImpl.bind(ServerSocketChannelImpl.java:223)
	at io.netty.channel.socket.nio.NioServerSocketChannel.doBind(NioServerSocketChannel.java:134)
	at io.netty.channel.AbstractChannel$AbstractUnsafe.bind(AbstractChannel.java:550)
	at io.netty.channel.DefaultChannelPipeline$HeadContext.bind(DefaultChannelPipeline.java:1334)
	at io.netty.channel.AbstractChannelHandlerContext.invokeBind(AbstractChannelHandlerContext.java:506)
	at io.netty.channel.AbstractChannelHandlerContext.bind(AbstractChannelHandlerContext.java:491)
	at io.netty.channel.DefaultChannelPipeline.bind(DefaultChannelPipeline.java:973)
	at io.netty.channel.AbstractChannel.bind(AbstractChannel.java:248)
	at io.netty.bootstrap.AbstractBootstrap$2.run(AbstractBootstrap.java:356)
	at io.netty.util.concurrent.AbstractEventExecutor.safeExecute(AbstractEventExecutor.java:164)
	at io.netty.util.concurrent.SingleThreadEventExecutor.runAllTasks(SingleThreadEventExecutor.java:472)
	at io.netty.channel.nio.NioEventLoop.run(NioEventLoop.java:500)
	at io.netty.util.concurrent.SingleThreadEventExecutor$4.run(SingleThreadEventExecutor.java:989)
	at io.netty.util.internal.ThreadExecutorMap$2.run(ThreadExecutorMap.java:74)
	at io.netty.util.concurrent.FastThreadLocalRunnable.run(FastThreadLocalRunnable.java:30)
	at java.lang.Thread.run(Thread.java:748)
12:46:14.408 [sandbox-akka.actor.default-dispatcher-5] INFO  akka.event.slf4j.Slf4jLogger - Slf4jLogger started 
12:46:19.393 [program-resource-pool-4] INFO  c.d.p.apiserver.LedgerApiServer - Listening on localhost:6865 over plain text. 
12:46:19.435 [program-resource-pool-1] INFO  com.daml.platform.sandboxnext.Runner - Initialized sandbox version 1.14.2 with ledger-id = create-daml-app-sandbox, port = 6865, dar file = List(.daml/dist/create-daml-app-0.1.0.dar), time mode = wall-clock time, ledger = in-memory, auth-service = AuthServiceWildcard$, contract ids seeding = strong 
13:03:43.813 [sandbox-akka.actor.default-dispatcher-5] INFO  akka.event.slf4j.Slf4jLogger - Slf4jLogger started 
13:03:49.956 [program-resource-pool-2] INFO  c.d.p.apiserver.LedgerApiServer - Listening on localhost:6865 over plain text. 
13:03:50.025 [program-resource-pool-2] INFO  com.daml.platform.sandboxnext.Runner - Initialized sandbox version 1.14.2 with ledger-id = create-daml-app-sandbox, port = 6865, dar file = List(.daml/dist/create-daml-app-0.1.0.dar), time mode = wall-clock time, ledger = in-memory, auth-service = AuthServiceWildcard$, contract ids seeding = strong 
13:04:07.396 [sandbox-akka.actor.default-dispatcher-5] INFO  akka.event.slf4j.Slf4jLogger - Slf4jLogger started 
13:04:12.369 [program-resource-pool-3] INFO  c.d.p.apiserver.LedgerApiServer - Listening on localhost:6865 over plain text. 
13:04:12.396 [program-resource-pool-2] INFO  com.daml.platform.sandboxnext.Runner - Initialized sandbox version 1.14.2 with ledger-id = create-daml-app-sandbox, port = 6865, dar file = List(.daml/dist/create-daml-app-0.1.0.dar), time mode = wall-clock time, ledger = in-memory, auth-service = AuthServiceWildcard$, contract ids seeding = strong 
14:13:42.656 [sandbox-akka.actor.default-dispatcher-4] INFO  akka.event.slf4j.Slf4jLogger - Slf4jLogger started 
14:13:47.994 [program-resource-pool-2] INFO  c.d.p.apiserver.LedgerApiServer - Listening on localhost:6865 over plain text. 
14:13:48.036 [program-resource-pool-4] INFO  com.daml.platform.sandboxnext.Runner - Initialized sandbox version 1.14.2 with ledger-id = create-daml-app-sandbox, port = 6865, dar file = List(.daml/dist/create-daml-app-0.1.0.dar), time mode = wall-clock time, ledger = in-memory, auth-service = AuthServiceWildcard$, contract ids seeding = strong 
02:19:09.421 [sandbox-akka.actor.default-dispatcher-5] INFO  akka.event.slf4j.Slf4jLogger - Slf4jLogger started 
02:19:15.189 [program-resource-pool-4] INFO  c.d.p.apiserver.LedgerApiServer - Listening on localhost:6865 over plain text. 
02:19:15.206 [program-resource-pool-3] INFO  com.daml.platform.sandboxnext.Runner - Initialized sandbox version 1.14.2 with ledger-id = dbd91597-dfba-444e-abd8-c57f0a1d0435, port = 6865, dar file = List(.daml/dist/create-daml-app-0.1.0.dar), time mode = wall-clock time, ledger = in-memory, auth-service = AuthServiceWildcard$, contract ids seeding = strong 
03:59:16.427 [sandbox-akka.actor.default-dispatcher-4] INFO  akka.event.slf4j.Slf4jLogger - Slf4jLogger started 
03:59:24.757 [program-resource-pool-3] INFO  c.d.p.apiserver.LedgerApiServer - Listening on localhost:6865 over plain text. 
03:59:24.797 [program-resource-pool-1] INFO  com.daml.platform.sandboxnext.Runner - Initialized sandbox version 1.14.2 with ledger-id = create-daml-app-sandbox, port = 6865, dar file = List(.daml/dist/create-daml-app-0.1.0.dar), time mode = wall-clock time, ledger = in-memory, auth-service = AuthServiceWildcard$, contract ids seeding = strong 
04:32:55.019 [sandbox-akka.actor.default-dispatcher-4] INFO  akka.event.slf4j.Slf4jLogger - Slf4jLogger started 
04:33:06.466 [program-resource-pool-3] INFO  c.d.p.apiserver.LedgerApiServer - Listening on localhost:6865 over plain text. 
04:33:06.512 [program-resource-pool-2] INFO  com.daml.platform.sandboxnext.Runner - Initialized sandbox version 1.14.2 with ledger-id = create-daml-app-sandbox, port = 6865, dar file = List(.daml/dist/create-daml-app-0.1.0.dar), time mode = wall-clock time, ledger = in-memory, auth-service = AuthServiceWildcard$, contract ids seeding = strong 
17:17:12.927 [sandbox-akka.actor.default-dispatcher-4] INFO  akka.event.slf4j.Slf4jLogger - Slf4jLogger started 
17:17:23.261 [program-resource-pool-4] INFO  c.d.p.apiserver.LedgerApiServer - Listening on localhost:6865 over plain text. 
17:17:23.313 [program-resource-pool-3] INFO  com.daml.platform.sandboxnext.Runner - Initialized sandbox version 1.14.2 with ledger-id = create-daml-app-sandbox, port = 6865, dar file = List(.daml/dist/create-daml-app-0.1.0.dar), time mode = wall-clock time, ledger = in-memory, auth-service = AuthServiceWildcard$, contract ids seeding = strong 
17:26:36.886 [sandbox-akka.actor.default-dispatcher-4] INFO  akka.event.slf4j.Slf4jLogger - Slf4jLogger started 
17:26:45.126 [program-resource-pool-3] INFO  c.d.p.apiserver.LedgerApiServer - Listening on localhost:6865 over plain text. 
17:26:45.166 [program-resource-pool-1] INFO  com.daml.platform.sandboxnext.Runner - Initialized sandbox version 1.14.2 with ledger-id = create-daml-app-sandbox, port = 6865, dar file = List(.daml/dist/create-daml-app-0.1.0.dar), time mode = wall-clock time, ledger = in-memory, auth-service = AuthServiceWildcard$, contract ids seeding = strong 
17:33:40.274 [sandbox-akka.actor.default-dispatcher-4] INFO  akka.event.slf4j.Slf4jLogger - Slf4jLogger started 
17:33:49.084 [program-resource-pool-2] INFO  c.d.p.apiserver.LedgerApiServer - Listening on localhost:6865 over plain text. 
17:33:49.130 [program-resource-pool-4] INFO  com.daml.platform.sandboxnext.Runner - Initialized sandbox version 1.14.2 with ledger-id = create-daml-app-sandbox, port = 6865, dar file = List(.daml/dist/create-daml-app-0.1.0.dar), time mode = wall-clock time, ledger = in-memory, auth-service = AuthServiceWildcard$, contract ids seeding = strong 
