2021-12-29 14:16:38,196 [main] INFO  c.d.canton.CantonCommunityApp$ - Starting Canton version 0.27.1
2021-12-29 14:16:39,012 [main] INFO  c.d.c.e.CommunityEnvironment - Deriving 4 as number of threads from 'sys.runtime.availableProcessors()'. Please use '-Dscala.concurrent.context.numThreads' to override.
2021-12-29 14:16:39,317 [canton-env-execution-context-22] INFO  akka.event.slf4j.Slf4jLogger - Slf4jLogger started
2021-12-29 14:16:39,404 [main] INFO  c.d.c.e.CommunityEnvironment - Deriving 4 as number of threads from 'sys.runtime.availableProcessors()'. Please use '-Dscala.concurrent.context.numThreads' to override.
2021-12-29 14:16:39,552 [main] INFO  c.d.c.e.CommunityEnvironment tid:849d31f58df8cebdf7ac7b1776c5cd9e - Automatically starting all instances
2021-12-29 14:16:39,781 [main] INFO  c.d.c.r.DbStorage:participant1 - Deriving 4 as number of threads from 'sys.runtime.availableProcessors()'. Please use '-Dscala.concurrent.context.numThreads' to override.
2021-12-29 14:16:39,781 [main] INFO  c.d.c.r.DbStorage:participant1 - Overriding numThreads to 1 to avoid concurrency issues.
2021-12-29 14:16:39,783 [main] INFO  c.d.c.r.DbStorage:participant1 tid:99436d0206fef54f4220cf6dc2f9809e - Overriding numThreads from 1 to 2 for the purpose of db migration, as flyway needs at least 2 threads.
2021-12-29 14:16:40,338 [main] INFO  o.f.c.i.license.VersionPrinter - Flyway Community Edition 7.8.1 by Redgate
2021-12-29 14:16:40,431 [main] INFO  o.f.c.i.database.base.DatabaseType - Database: jdbc:h2:file:./participant1 (H2 1.4)
2021-12-29 14:16:40,550 [main] INFO  c.d.c.r.DbStorage:participant1 - Deriving 4 as number of threads from 'sys.runtime.availableProcessors()'. Please use '-Dscala.concurrent.context.numThreads' to override.
2021-12-29 14:16:40,550 [main] INFO  c.d.c.r.DbStorage:participant1 - Overriding numThreads to 1 to avoid concurrency issues.
2021-12-29 14:16:40,550 [main] INFO  c.d.c.r.DbStorage:participant1 tid:852da443bb0f59a6e4997d2beed868a1 - Overriding numThreads from 1 to 2 for the purpose of db migration, as flyway needs at least 2 threads.
2021-12-29 14:16:40,556 [main] INFO  o.f.c.i.license.VersionPrinter - Flyway Community Edition 7.8.1 by Redgate
2021-12-29 14:16:40,588 [main] INFO  o.f.c.i.database.base.DatabaseType - Database: jdbc:h2:file:./participant1 (H2 1.4)
2021-12-29 14:16:40,634 [main] INFO  o.f.c.internal.command.DbValidate - Successfully validated 35 migrations (execution time 00:00.031s)
2021-12-29 14:16:40,661 [main] INFO  o.f.c.i.s.JdbcTableSchemaHistory - Creating Schema History table "PUBLIC"."flyway_schema_history" ...
2021-12-29 14:16:40,740 [main] INFO  o.f.core.internal.command.DbMigrate - Current version of schema "PUBLIC": << Empty Schema >>
2021-12-29 14:16:40,747 [main] INFO  o.f.core.internal.command.DbMigrate - Migrating schema "PUBLIC" to version "1.1 - Create daml packages table"
2021-12-29 14:16:40,798 [main] INFO  o.f.core.internal.command.DbMigrate - Migrating schema "PUBLIC" to version "2 - Create dars table"
2021-12-29 14:16:40,840 [main] INFO  o.f.core.internal.command.DbMigrate - Migrating schema "PUBLIC" to version "3 - Create crypto vault table"
2021-12-29 14:16:40,884 [main] INFO  o.f.core.internal.command.DbMigrate - Migrating schema "PUBLIC" to version "4 - Create service agreement tables"
2021-12-29 14:16:40,923 [main] INFO  o.f.core.internal.command.DbMigrate - Migrating schema "PUBLIC" to version "6 - Create contracts table"
2021-12-29 14:16:40,950 [main] INFO  o.f.core.internal.command.DbMigrate - Migrating schema "PUBLIC" to version "6.1 - Create contracts request counter index"
2021-12-29 14:16:40,972 [main] INFO  o.f.core.internal.command.DbMigrate - Migrating schema "PUBLIC" to version "7 - Create sequencer state manager tables"
2021-12-29 14:16:41,002 [main] INFO  o.f.core.internal.command.DbMigrate - Migrating schema "PUBLIC" to version "8 - Create identity tables"
2021-12-29 14:16:41,030 [main] INFO  o.f.core.internal.command.DbMigrate - Migrating schema "PUBLIC" to version "9.0 - Create active contracts table"
2021-12-29 14:16:41,051 [main] INFO  o.f.core.internal.command.DbMigrate - Migrating schema "PUBLIC" to version "10 - Create mediator tables"
2021-12-29 14:16:41,077 [main] INFO  o.f.core.internal.command.DbMigrate - Migrating schema "PUBLIC" to version "11 - Create sequenced event store table"
2021-12-29 14:16:41,103 [main] INFO  o.f.core.internal.command.DbMigrate - Migrating schema "PUBLIC" to version "12 - Create sequencer client table"
2021-12-29 14:16:41,122 [main] INFO  o.f.core.internal.command.DbMigrate - Migrating schema "PUBLIC" to version "13 - Create domain connection tables"
2021-12-29 14:16:41,147 [main] INFO  o.f.core.internal.command.DbMigrate - Migrating schema "PUBLIC" to version "14.0 - Create event log"
2021-12-29 14:16:41,178 [main] INFO  o.f.core.internal.command.DbMigrate - Migrating schema "PUBLIC" to version "14.1 - Create event log"
2021-12-29 14:16:41,197 [main] INFO  o.f.core.internal.command.DbMigrate - Migrating schema "PUBLIC" to version "15 - Create transfer table"
2021-12-29 14:16:41,218 [main] INFO  o.f.core.internal.command.DbMigrate - Migrating schema "PUBLIC" to version "16 - Create request journal tables"
2021-12-29 14:16:41,244 [main] INFO  o.f.core.internal.command.DbMigrate - Migrating schema "PUBLIC" to version "17 - Create acs commitment tables"
2021-12-29 14:16:41,270 [main] INFO  o.f.core.internal.command.DbMigrate - Migrating schema "PUBLIC" to version "18 - Create domain parameters table"
2021-12-29 14:16:41,288 [main] INFO  o.f.core.internal.command.DbMigrate - Migrating schema "PUBLIC" to version "19 - Create contract key journal table"
2021-12-29 14:16:41,312 [main] INFO  o.f.core.internal.command.DbMigrate - Migrating schema "PUBLIC" to version "20 - Create participant pruning table"
2021-12-29 14:16:41,330 [main] INFO  o.f.core.internal.command.DbMigrate - Migrating schema "PUBLIC" to version "21 - Create sequencer block height table"
2021-12-29 14:16:41,349 [main] INFO  o.f.core.internal.command.DbMigrate - Migrating schema "PUBLIC" to version "22 - Create pruning status tables"
2021-12-29 14:16:41,371 [main] INFO  o.f.core.internal.command.DbMigrate - Migrating schema "PUBLIC" to version "24 - Create mediator domain configuration tables"
2021-12-29 14:16:41,391 [main] INFO  o.f.core.internal.command.DbMigrate - Migrating schema "PUBLIC" to version "25 - Create mediator leadership tables"
2021-12-29 14:16:41,413 [main] INFO  o.f.core.internal.command.DbMigrate - Migrating schema "PUBLIC" to version "26 - Create sequencer counter cursor table"
2021-12-29 14:16:41,430 [main] INFO  o.f.core.internal.command.DbMigrate - Migrating schema "PUBLIC" to version "27 - Create service agreement acceptance table"
2021-12-29 14:16:41,447 [main] INFO  o.f.core.internal.command.DbMigrate - Migrating schema "PUBLIC" to version "28.0 - Create sequencer tables"
2021-12-29 14:16:41,467 [main] INFO  o.f.core.internal.command.DbMigrate - Migrating schema "PUBLIC" to version "28.1 - Create sequencer events table"
2021-12-29 14:16:41,484 [main] INFO  o.f.core.internal.command.DbMigrate - Migrating schema "PUBLIC" to version "29 - Create participant event publisher table"
2021-12-29 14:16:41,497 [main] INFO  o.f.core.internal.command.DbMigrate - Migrating schema "PUBLIC" to version "30 - Create register topology transaction responses table"
2021-12-29 14:16:41,516 [main] INFO  o.f.core.internal.command.DbMigrate - Migrating schema "PUBLIC" to version "31 - Create sequencer authentication tables"
2021-12-29 14:16:41,531 [main] INFO  o.f.core.internal.command.DbMigrate - Migrating schema "PUBLIC" to version "32 - Create in flight submissions table"
2021-12-29 14:16:41,545 [main] INFO  o.f.core.internal.command.DbMigrate - Migrating schema "PUBLIC" to version "33 - Create participant settings table"
2021-12-29 14:16:41,565 [main] INFO  o.f.core.internal.command.DbMigrate - Migrating schema "PUBLIC" to version "34 - Create domain sequencer connections"
2021-12-29 14:16:41,586 [main] INFO  o.f.core.internal.command.DbMigrate - Successfully applied 35 migrations to schema "PUBLIC", now at version v34 (execution time 00:00.864s)
2021-12-29 14:16:41,587 [main] INFO  c.d.c.r.DbMigrations:participant1 tid:afde0bc5976be939e1d38f25b5bd83ae - Applied 35 migrations successfully
2021-12-29 14:16:41,591 [main] INFO  c.d.c.r.DbStorage:participant1 - Deriving 4 as number of threads from 'sys.runtime.availableProcessors()'. Please use '-Dscala.concurrent.context.numThreads' to override.
2021-12-29 14:16:41,591 [main] INFO  c.d.c.r.DbStorage:participant1 - Overriding numThreads to 1 to avoid concurrency issues.
2021-12-29 14:16:41,591 [main] INFO  c.d.c.r.DbStorage:participant1 tid:fb4d8bee4962a48d7f32bb68694aa52b - Overriding numThreads from 1 to 2 for the purpose of db migration, as flyway needs at least 2 threads.
2021-12-29 14:16:41,596 [main] INFO  o.f.c.i.license.VersionPrinter - Flyway Community Edition 7.8.1 by Redgate
2021-12-29 14:16:41,620 [main] INFO  o.f.c.i.database.base.DatabaseType - Database: jdbc:h2:file:./participant1 (H2 1.4)
2021-12-29 14:16:41,805 [main] INFO  c.d.c.r.DbStorage:participant=participant1 - Deriving 4 as number of threads from 'sys.runtime.availableProcessors()'. Please use '-Dscala.concurrent.context.numThreads' to override.
2021-12-29 14:16:41,805 [main] INFO  c.d.c.r.DbStorage:participant=participant1 - Overriding numThreads to 1 to avoid concurrency issues.
2021-12-29 14:16:42,295 [main] INFO  c.d.c.p.ParticipantNodeBootstrap:participant=participant1 - Starting admin-api services on AdminServerConfig(127.0.0.1,7012,None,Some(KeepAliveConfig(40s,20s)),10485760)
2021-12-29 14:16:42,810 [canton-env-execution-context-23] INFO  c.d.c.p.ParticipantNodeBootstrap:participant=participant1 - Node is not initialized yet. Performing automated default initialization.
2021-12-29 14:16:43,276 [canton-env-execution-context-24] INFO  c.d.c.p.ParticipantNodeBootstrap:participant=participant1 - Initializing node with id NodeId(participant1::12209e17822ce5b1cb44bb25002284aab1fe9732e8925d3f33aeafd6232c0ac435c5,ea142753-c9a8-462f-80d3-30c34a549d3a)
2021-12-29 14:16:43,506 [canton-env-execution-context-24] INFO  c.d.c.p.i.ParticipantIdentityManager:participant=participant1 tid:dc5c8c85cf9de4342b30f3a3eed5ef41 - Applied identity transaction NamespaceDelegation(
  namespace = 12209e17822ce5b1cb44bb25002284aab1fe9732e8925d3f33aeafd6232c0ac435c5,
  target = SigningPublicKey(id = 12209e17822ce5b1cb44bb25002284aab1fe9732e8925d3f33aeafd6232c0ac435c5, format = Tink, scheme = Ed25519),
  isRootDelegation = true
) at 2021-12-29T12:16:43.453529Z
2021-12-29 14:16:44,081 [canton-env-execution-context-30] INFO  c.d.c.p.l.a.CantonLedgerApiServerWrapper$Config:participant=participant1 - Deriving 4 as number of threads from 'sys.runtime.availableProcessors()'. Please use '-Dscala.concurrent.context.numThreads' to override.
2021-12-29 14:16:44,088 [canton-env-execution-context-22] INFO  c.d.c.p.l.a.CantonLedgerApiServerWrapper$Config:participant=participant1 - Deriving 4 as number of threads from 'sys.runtime.availableProcessors()'. Please use '-Dscala.concurrent.context.numThreads' to override.
2021-12-29 14:16:44,147 [canton-env-execution-context-22] INFO  c.d.p.store.dao.HikariConnection - Attempting to connect to the database (attempt 1/600), context: {participant: "participant1"}
2021-12-29 14:16:44,154 [canton-env-execution-context-22] INFO  com.zaxxer.hikari.HikariDataSource - daml.index.db.connection.migrations - Starting...
2021-12-29 14:16:44,171 [canton-env-execution-context-22] INFO  com.zaxxer.hikari.HikariDataSource - daml.index.db.connection.migrations - Start completed.
2021-12-29 14:16:44,174 [canton-env-execution-context-23] INFO  c.d.p.store.FlywayMigrationsCanton - Ensuring Flyway migration has either not started or there are no pending migrations..., context: {participant: "participant1"}
2021-12-29 14:16:44,174 [canton-env-execution-context-23] INFO  o.f.c.i.license.VersionPrinter - Flyway Community Edition 7.8.1 by Redgate
2021-12-29 14:16:44,209 [canton-env-execution-context-23] INFO  o.f.c.i.database.base.DatabaseType - Database: jdbc:h2:file:./participant1 (H2 1.4)
2021-12-29 14:16:44,259 [canton-env-execution-context-23] INFO  c.d.p.store.FlywayMigrationsCanton - Running Flyway migration on empty database with 33 migrations pending..., context: {participant: "participant1"}
2021-12-29 14:16:44,259 [canton-env-execution-context-23] INFO  o.f.c.i.license.VersionPrinter - Flyway Community Edition 7.8.1 by Redgate
2021-12-29 14:16:44,277 [canton-env-execution-context-23] INFO  o.f.c.internal.command.DbValidate - Successfully validated 33 migrations (execution time 00:00.011s)
2021-12-29 14:16:44,285 [canton-env-execution-context-23] INFO  o.f.c.i.s.JdbcTableSchemaHistory - Creating Schema History table "LEDGER_API"."flyway_schema_history" ...
2021-12-29 14:16:44,303 [canton-env-execution-context-23] INFO  o.f.core.internal.command.DbMigrate - Current version of schema "LEDGER_API": << Empty Schema >>
2021-12-29 14:16:44,310 [canton-env-execution-context-23] INFO  o.f.core.internal.command.DbMigrate - Migrating schema "LEDGER_API" to version "1 - Init"
2021-12-29 14:16:44,350 [canton-env-execution-context-23] INFO  o.f.core.internal.command.DbMigrate - Migrating schema "LEDGER_API" to version "2 - Command deduplication"
2021-12-29 14:16:44,373 [canton-env-execution-context-23] INFO  o.f.core.internal.command.DbMigrate - Migrating schema "LEDGER_API" to version "3 - Contract Divulgence"
2021-12-29 14:16:44,410 [canton-env-execution-context-23] INFO  o.f.core.internal.command.DbMigrate - Migrating schema "LEDGER_API" to version "4 - Contract Divulgence"
2021-12-29 14:16:44,438 [canton-env-execution-context-23] INFO  o.f.core.internal.command.DbMigrate - Migrating schema "LEDGER_API" to version "5.0 - Extract Event Data"
2021-12-29 14:16:44,471 [canton-env-execution-context-23] INFO  o.f.core.internal.command.DbMigrate - Migrating schema "LEDGER_API" to version "5.1 - Populate Event Data"
2021-12-29 14:16:44,498 [canton-env-execution-context-23] INFO  o.f.core.internal.command.DbMigrate - Migrating schema "LEDGER_API" to version "5.2 - Extract Event Data"
2021-12-29 14:16:44,519 [canton-env-execution-context-23] INFO  o.f.core.internal.command.DbMigrate - Migrating schema "LEDGER_API" to version "6 - Disclosures index"
2021-12-29 14:16:44,540 [canton-env-execution-context-23] INFO  o.f.core.internal.command.DbMigrate - Migrating schema "LEDGER_API" to version "7 - Add configuration"
2021-12-29 14:16:44,561 [canton-env-execution-context-23] INFO  o.f.core.internal.command.DbMigrate - Migrating schema "LEDGER_API" to version "8 - Party entries"
2021-12-29 14:16:44,580 [canton-env-execution-context-23] INFO  o.f.core.internal.command.DbMigrate - Migrating schema "LEDGER_API" to version "9 - Package entries"
2021-12-29 14:16:44,600 [canton-env-execution-context-23] INFO  o.f.core.internal.command.DbMigrate - Migrating schema "LEDGER_API" to version "10 - Loosen transaction check"
2021-12-29 14:16:44,620 [canton-env-execution-context-23] INFO  o.f.core.internal.command.DbMigrate - Migrating schema "LEDGER_API" to version "11 - Create command completions table"
2021-12-29 14:16:44,633 [canton-env-execution-context-23] INFO  o.f.core.internal.command.DbMigrate - Migrating schema "LEDGER_API" to version "12 - Command deduplication"
2021-12-29 14:16:44,649 [canton-env-execution-context-23] INFO  o.f.core.internal.command.DbMigrate - Migrating schema "LEDGER_API" to version "13 - Events new schema"
2021-12-29 14:16:44,672 [canton-env-execution-context-23] INFO  o.f.core.internal.command.DbMigrate - Migrating schema "LEDGER_API" to version "14 - Stable offsets"
2021-12-29 14:16:44,752 [canton-env-execution-context-23] INFO  o.f.core.internal.command.DbMigrate - Migrating schema "LEDGER_API" to version "15 - Remove maximum record time"
2021-12-29 14:16:44,774 [canton-env-execution-context-23] INFO  o.f.core.internal.command.DbMigrate - Migrating schema "LEDGER_API" to version "16 - Delete checkpoints"
2021-12-29 14:16:44,793 [canton-env-execution-context-23] INFO  o.f.core.internal.command.DbMigrate - Migrating schema "LEDGER_API" to version "17 - Stable offsets archival"
2021-12-29 14:16:44,814 [canton-env-execution-context-23] INFO  o.f.core.internal.command.DbMigrate - Migrating schema "LEDGER_API" to version "18 - Contracts new schema"
2021-12-29 14:16:44,830 [canton-env-execution-context-23] INFO  o.f.core.internal.command.DbMigrate - Migrating schema "LEDGER_API" to version "19 - Events table fixes"
2021-12-29 14:16:44,861 [canton-env-execution-context-23] INFO  o.f.core.internal.command.DbMigrate - Migrating schema "LEDGER_API" to version "20 - Drop old schema"
2021-12-29 14:16:44,883 [canton-env-execution-context-23] INFO  o.f.core.internal.command.DbMigrate - Migrating schema "LEDGER_API" to version "21 - Event witnesses single table"
2021-12-29 14:16:44,901 [canton-env-execution-context-23] INFO  o.f.core.internal.command.DbMigrate - Migrating schema "LEDGER_API" to version "22 - Add witnesses to participant events"
2021-12-29 14:16:44,940 [canton-env-execution-context-23] INFO  o.f.core.internal.command.DbMigrate - Migrating schema "LEDGER_API" to version "23 - Parties is local"
2021-12-29 14:16:44,961 [canton-env-execution-context-23] INFO  o.f.core.internal.command.DbMigrate - Migrating schema "LEDGER_API" to version "24 - event sequential id"
2021-12-29 14:16:44,988 [canton-env-execution-context-23] INFO  o.f.core.internal.command.DbMigrate - Migrating schema "LEDGER_API" to version "25 - drop participant id"
2021-12-29 14:16:45,011 [canton-env-execution-context-23] INFO  o.f.core.internal.command.DbMigrate - Migrating schema "LEDGER_API" to version "26 - add participant id to parameters"
2021-12-29 14:16:45,027 [canton-env-execution-context-23] INFO  o.f.core.internal.command.DbMigrate - Migrating schema "LEDGER_API" to version "27 - Participant-pruning"
2021-12-29 14:16:45,040 [canton-env-execution-context-23] INFO  o.f.core.internal.command.DbMigrate - Migrating schema "LEDGER_API" to version "28 - multiple submitters"
2021-12-29 14:16:45,063 [canton-env-execution-context-23] INFO  o.f.core.internal.command.DbMigrate - Migrating schema "LEDGER_API" to version "29 - explicit compression"
2021-12-29 14:16:45,091 [canton-env-execution-context-23] INFO  o.f.core.internal.command.DbMigrate - Migrating schema "LEDGER_API" to version "30 - offset as text"
2021-12-29 14:16:45,126 [canton-env-execution-context-23] INFO  o.f.core.internal.command.DbMigrate - Migrating schema "LEDGER_API" to version "99 - Contract keys canton"
2021-12-29 14:16:45,143 [canton-env-execution-context-23] INFO  o.f.core.internal.command.DbMigrate - Successfully applied 33 migrations to schema "LEDGER_API", now at version v99 (execution time 00:00.845s)
2021-12-29 14:16:45,144 [canton-env-execution-context-23] INFO  c.d.p.store.FlywayMigrationsCanton - Flyway schema migration finished successfully, applying org.flywaydb.core.api.output.MigrateResult@61d574a2 steps on empty database., context: {participant: "participant1"}
2021-12-29 14:16:45,145 [canton-env-execution-context-22] INFO  com.zaxxer.hikari.HikariDataSource - daml.index.db.connection.migrations - Shutdown initiated...
2021-12-29 14:16:45,150 [canton-env-execution-context-22] INFO  com.zaxxer.hikari.HikariDataSource - daml.index.db.connection.migrations - Shutdown completed.
2021-12-29 14:16:45,234 [canton-env-execution-context-30] INFO  c.d.p.indexer.RecoveringIndexer - Starting Indexer Server, context: {participant: "participant1"}
2021-12-29 14:16:45,235 [canton-env-execution-context-23] INFO  c.d.p.store.dao.HikariConnection - Attempting to connect to the database (attempt 1/600), context: {participant: "participant1"}
2021-12-29 14:16:45,235 [canton-env-execution-context-23] INFO  com.zaxxer.hikari.HikariDataSource - daml.index.db.connection.indexer - Starting...
2021-12-29 14:16:45,240 [canton-env-execution-context-23] INFO  com.zaxxer.hikari.HikariDataSource - daml.index.db.connection.indexer - Start completed.
2021-12-29 14:16:45,387 [canton-env-execution-context-23] INFO  c.d.p.i.JdbcIndexerCanton$Factory - Initializing ledger with ID: participant1, context: {participant: "participant1"}
2021-12-29 14:16:45,482 [canton-env-execution-context-24] INFO  c.d.p.indexer.RecoveringIndexer - Started Indexer Server, context: {participant: "participant1"}
2021-12-29 14:16:45,522 [canton-env-execution-context-22] INFO  c.d.p.store.dao.HikariConnection - Attempting to connect to the database (attempt 1/600), context: {participant: "participant1"}
2021-12-29 14:16:45,522 [canton-env-execution-context-22] INFO  com.zaxxer.hikari.HikariDataSource - daml.index.db.connection.api-server - Starting...
2021-12-29 14:16:45,524 [canton-env-execution-context-22] INFO  com.zaxxer.hikari.HikariDataSource - daml.index.db.connection.api-server - Start completed.
2021-12-29 14:16:45,560 [canton-env-execution-context-30] INFO  c.d.p.index.ReadOnlySqlLedger - Found existing ledger with ID: participant1, context: {participant: "participant1"}
2021-12-29 14:16:45,583 [canton-env-execution-context-22] INFO  c.d.p.store.dao.JdbcLedgerDaoCanton - Storing configuration entry, context: {participant: "participant1", submissionId: "TimeModel config"}
2021-12-29 14:16:45,629 [canton-env-execution-context-23] INFO  c.d.p.apiserver.ApiServicesCanton - Daml-LF Engine supports LF versions: 1.14, context: {participant: "participant1"}
2021-12-29 14:16:45,643 [canton-env-execution-context-22] INFO  c.d.p.a.s.LedgerConfigProvider - Initial ledger configuration lookup found configuration Configuration(1,LedgerTimeModel(PT0S,PT8760H,PT8760H),PT24H) at Absolute(000000000000000001). Looking for new ledger configurations from this offset., context: {participant: "participant1"}
2021-12-29 14:16:45,868 [canton-env-execution-context-22] INFO  c.d.p.apiserver.LedgerApiServer - Listening on 127.0.0.1:7011 over plain text., context: {participant: "participant1"}
2021-12-29 14:16:45,872 [canton-env-execution-context-30] INFO  c.d.p.a.StandaloneApiServerCanton - Initialized API server version 1.16.0 with ledger-id = participant1, port = 7011, dar file = List(), context: {participant: "participant1"}
2021-12-29 14:20:15,982 [main] INFO  c.d.canton.CantonCommunityApp$ - Starting Canton version 0.27.1
2021-12-29 14:20:16,795 [main] INFO  c.d.c.e.CommunityEnvironment - Deriving 4 as number of threads from 'sys.runtime.availableProcessors()'. Please use '-Dscala.concurrent.context.numThreads' to override.
2021-12-29 14:20:17,058 [canton-env-execution-context-21] INFO  akka.event.slf4j.Slf4jLogger - Slf4jLogger started
2021-12-29 14:20:17,146 [main] INFO  c.d.c.e.CommunityEnvironment - Deriving 4 as number of threads from 'sys.runtime.availableProcessors()'. Please use '-Dscala.concurrent.context.numThreads' to override.
2021-12-29 14:20:17,290 [main] INFO  c.d.c.e.CommunityEnvironment tid:159e127a484e4a42d49d361ccb5a80ee - Automatically starting all instances
